android/build/intermediates/manifest_merge_blame_file/release/manifest-merger-blame-release-report.txt
1<?xml version="1.0" encoding="utf-8"?>
2<manifest xmlns:android="http://schemas.android.com/apk/res/android"
3    package="com.videotrim" >
4
5    <uses-sdk android:minSdkVersion="24" />
6
7    <uses-permission android:name="android.permission.VIBRATE" />
7-->src/main/AndroidManifest.xml:3:3-64
7-->src/main/AndroidManifest.xml:3:20-61
8
9    <application>
9-->src/main/AndroidManifest.xml:5:3-16:17
10
11        <!-- FileProvider setup -->
12        <provider
12-->src/main/AndroidManifest.xml:7:5-15:16
13            android:name="androidx.core.content.FileProvider"
13-->src/main/AndroidManifest.xml:8:7-56
14            android:authorities="${applicationId}.provider"
14-->src/main/AndroidManifest.xml:9:7-54
15            android:exported="false"
15-->src/main/AndroidManifest.xml:10:7-31
16            android:grantUriPermissions="true" >
16-->src/main/AndroidManifest.xml:11:7-41
17            <meta-data
17-->src/main/AndroidManifest.xml:12:7-14:46
18                android:name="android.support.FILE_PROVIDER_PATHS"
18-->src/main/AndroidManifest.xml:13:9-59
19                android:resource="@xml/file_paths" />
19-->src/main/AndroidManifest.xml:14:9-43
20        </provider>
21    </application>
22
23</manifest>